e:\httpd\libmicrohttpd-0.9.55\w32\vs2013\libmicrohttpd\release-dll\libmicrohttpd-dll.pdb
e:\httpd\libmicrohttpd-0.9.55\w32\vs2013\libmicrohttpd\release-dll\mhd_compat.obj
e:\httpd\libmicrohttpd-0.9.55\w32\vs2013\libmicrohttpd\release-dll\mhd_itc.obj
e:\httpd\libmicrohttpd-0.9.55\w32\vs2013\libmicrohttpd\release-dll\mhd_sockets.obj
e:\httpd\libmicrohttpd-0.9.55\w32\vs2013\libmicrohttpd\release-dll\mhd_threads.obj
e:\httpd\libmicrohttpd-0.9.55\w32\vs2013\libmicrohttpd\release-dll\mhd_str.obj
e:\httpd\libmicrohttpd-0.9.55\w32\vs2013\libmicrohttpd\release-dll\sysfdsetsize.obj
e:\httpd\libmicrohttpd-0.9.55\w32\vs2013\libmicrohttpd\release-dll\tsearch.obj
e:\httpd\libmicrohttpd-0.9.55\w32\vs2013\libmicrohttpd\release-dll\response.obj
e:\httpd\libmicrohttpd-0.9.55\w32\vs2013\libmicrohttpd\release-dll\reason_phrase.obj
e:\httpd\libmicrohttpd-0.9.55\w32\vs2013\libmicrohttpd\release-dll\postprocessor.obj
e:\httpd\libmicrohttpd-0.9.55\w32\vs2013\libmicrohttpd\release-dll\mhd_mono_clock.obj
e:\httpd\libmicrohttpd-0.9.55\w32\vs2013\libmicrohttpd\release-dll\memorypool.obj
e:\httpd\libmicrohttpd-0.9.55\w32\vs2013\libmicrohttpd\release-dll\md5.obj
e:\httpd\libmicrohttpd-0.9.55\w32\vs2013\libmicrohttpd\release-dll\internal.obj
e:\httpd\libmicrohttpd-0.9.55\w32\vs2013\libmicrohttpd\release-dll\digestauth.obj
e:\httpd\libmicrohttpd-0.9.55\w32\vs2013\libmicrohttpd\release-dll\daemon.obj
e:\httpd\libmicrohttpd-0.9.55\w32\vs2013\libmicrohttpd\release-dll\connection.obj
e:\httpd\libmicrohttpd-0.9.55\w32\vs2013\libmicrohttpd\release-dll\basicauth.obj
e:\httpd\libmicrohttpd-0.9.55\w32\vs2013\libmicrohttpd\release-dll\base64.obj
e:\httpd\libmicrohttpd-0.9.55\w32\vs2013\libmicrohttpd\release-dll\connection_https.obj
e:\httpd\libmicrohttpd-0.9.55\w32\common\microhttpd_dll_res_vc.rc
e:\httpd\libmicrohttpd-0.9.55\w32\vs2013\output\microhttpd.h
e:\httpd\libmicrohttpd-0.9.55\w32\vs2013\libmicrohttpd\release-dll\microhttpd_dll_res_vc.res
e:\httpd\libmicrohttpd-0.9.55\w32\vs2013\libmicrohttpd\release-dll\libmicrohttpd.tlog\cl.command.1.tlog
e:\httpd\libmicrohttpd-0.9.55\w32\vs2013\libmicrohttpd\release-dll\libmicrohttpd.tlog\cl.read.1.tlog
e:\httpd\libmicrohttpd-0.9.55\w32\vs2013\libmicrohttpd\release-dll\libmicrohttpd.tlog\cl.write.1.tlog
e:\httpd\libmicrohttpd-0.9.55\w32\vs2013\libmicrohttpd\release-dll\libmicrohttpd.tlog\custombuild.command.1.tlog
e:\httpd\libmicrohttpd-0.9.55\w32\vs2013\libmicrohttpd\release-dll\libmicrohttpd.tlog\custombuild.read.1.tlog
e:\httpd\libmicrohttpd-0.9.55\w32\vs2013\libmicrohttpd\release-dll\libmicrohttpd.tlog\custombuild.write.1.tlog
e:\httpd\libmicrohttpd-0.9.55\w32\vs2013\libmicrohttpd\release-dll\libmicrohttpd.tlog\libmicrohttpd.write.1u.tlog
e:\httpd\libmicrohttpd-0.9.55\w32\vs2013\libmicrohttpd\release-dll\libmicrohttpd.tlog\link.command.1.tlog
e:\httpd\libmicrohttpd-0.9.55\w32\vs2013\libmicrohttpd\release-dll\libmicrohttpd.tlog\link.read.1.tlog
e:\httpd\libmicrohttpd-0.9.55\w32\vs2013\libmicrohttpd\release-dll\libmicrohttpd.tlog\link.write.1.tlog
e:\httpd\libmicrohttpd-0.9.55\w32\vs2013\libmicrohttpd\release-dll\libmicrohttpd.tlog\rc.command.1.tlog
e:\httpd\libmicrohttpd-0.9.55\w32\vs2013\libmicrohttpd\release-dll\libmicrohttpd.tlog\rc.read.1.tlog
e:\httpd\libmicrohttpd-0.9.55\w32\vs2013\libmicrohttpd\release-dll\libmicrohttpd.tlog\rc.write.1.tlog
